Arguments: 
  C:\Program Files\nodejs\node.exe C:\Users\andrew.beletskiy\AppData\Roaming\npm\node_modules\yarn\bin\yarn.js test-coverage

PATH: 
  C:\Program Files (x86)\Common Files\Oracle\Java\javapath;C:\Windows\system32;C:\Windows;C:\Windows\System32\Wbem;C:\Windows\System32\WindowsPowerShell\v1.0\;C:\Program Files\dotnet\;C:\Program Files\Git\cmd;C:\Program Files\nodejs\;C:\Go\bin;C:\Users\andrew.beletskiy\AppData\Roaming\leiningen;;C:\Program Files\Microsoft VS Code\bin;C:\Users\andrew.beletskiy\AppData\Local\Microsoft\WindowsApps;C:\Users\andrew.beletskiy\AppData\Local\GitHubDesktop\bin;C:\Users\andrew.beletskiy\AppData\Roaming\npm;C:\Users\andrew.beletskiy\Documents\Programs\curl\bin;C:\Users\andrew.beletskiy\Documents\Helpers;C:\Users\andrew.beletskiy\go\bin;C:\Program Files (x86)\Java\jre1.8.0_181\bin;C:\Program Files\Java\jdk-10.0.2\bin;C:\Users\andrew.beletskiy\AppData\Roaming\leiningen;

Yarn version: 
  1.9.4

Node version: 
  8.11.3

Platform: 
  win32 x64

Trace: 
  SyntaxError: C:\Users\andrew.beletskiy\Desktop\test\quartet\package.json: Unexpected string in JSON at position 186
      at JSON.parse (<anonymous>)
      at C:\Users\andrew.beletskiy\AppData\Roaming\npm\node_modules\yarn\lib\cli.js:1130:59
      at Generator.next (<anonymous>)
      at step (C:\Users\andrew.beletskiy\AppData\Roaming\npm\node_modules\yarn\lib\cli.js:92:30)
      at C:\Users\andrew.beletskiy\AppData\Roaming\npm\node_modules\yarn\lib\cli.js:103:13
      at <anonymous>

npm manifest: 
  {
    "name": "quartet",
    "version": "4.2.0",
    "description": "Validation library: functional, convenient and compositional",
    "main": "index.js",
    "scripts": {
      "test": "jest"
      "test-coverage": "jest --coverage && cat ./coverage/lcov.info | ./node_modules/coveralls/bin/coveralls.js && rm -rf ./coverage"
    },
    "keywords": [
      "validation"
    ],
    "repository": {
      "type": "git",
      "url": "https://github.com/whiteand/quartet.git"
    },
    "author": "AndrewBeletskiy",
    "license": "ISC",
    "devDependencies": {
      "coveralls": "^3.0.2",
      "eslint": "^5.9.0",
      "eslint-config-standard": "^12.0.0",
      "eslint-plugin-import": "^2.14.0",
      "eslint-plugin-node": "^8.0.0",
      "eslint-plugin-promise": "^4.0.1",
      "eslint-plugin-standard": "^4.0.0",
      "jest": "^23.6.0"
    }
  }

yarn manifest: 
  No manifest

Lockfile: 
  No lockfile
